2026-02-01 16:50:35,505 | INFO | MARKET ORDER: {'orderId': 11309879813, 'symbol': 'BTCUSDT', 'status': 'NEW', 'clientOrderId': 'x-Cb7ytekJcf25fbcc56881d9bc35ae2', 'price': '0.00', 'avgPrice': '0.00', 'origQty': '0.010', 'executedQty': '0.000', 'cumQty': '0.000', 'cumQuote': '0.00000', 'timeInForce': 'GTC', 'type': 'MARKET', 'reduceOnly': False, 'closePosition': False, 'side': 'BUY', 'positionSide': 'BOTH', 'stopPrice': '0.00', 'workingType': 'CONTRACT_PRICE', 'priceProtect': False, 'origType': 'MARKET', 'priceMatch': 'NONE', 'selfTradePreventionMode': 'EXPIRE_MAKER', 'goodTillDate': 0, 'updateTime': 1767266435123}
2026-02-01 17:18:56,075 | INFO | LIMIT ORDER: {'orderId': 11310381392, 'symbol': 'BTCUSDT', 'status': 'NEW', 'clientOrderId': 'x-Cb7ytekJ1c79af03150303258f1290', 'price': '64000.00', 'avgPrice': '0.00', 'origQty': '0.010', 'executedQty': '0.000', 'cumQty': '0.000', 'cumQuote': '0.00000', 'timeInForce': 'GTC', 'type': 'LIMIT', 'reduceOnly': False, 'closePosition': False, 'side': 'BUY', 'positionSide': 'BOTH', 'stopPrice': '0.00', 'workingType': 'CONTRACT_PRICE', 'priceProtect': False, 'origType': 'LIMIT', 'priceMatch': 'NONE', 'selfTradePreventionMode': 'EXPIRE_MAKER', 'goodTillDate': 0, 'updateTime': 1767268135680}
2026-02-01 17:23:24,387 | INFO | STOP-MARKET ORDER REQUEST | Symbol=BTCUSDT Side=SELL Qty=0.01 StopPrice=82000
2026-02-01 17:23:24,766 | INFO | STOP-MARKET ORDER SUCCESS | {'algoId': 1000000003451574, 'clientAlgoId': 'x-Cb7ytekJ17ec94786ccf0556e8d85d', 'algoType': 'CONDITIONAL', 'orderType': 'STOP_MARKET', 'symbol': 'BTCUSDT', 'side': 'SELL', 'positionSide': 'BOTH', 'timeInForce': 'GTC', 'quantity': '0.010', 'algoStatus': 'NEW', 'triggerPrice': '82000.00', 'price': '0.00', 'icebergQuantity': None, 'selfTradePreventionMode': 'EXPIRE_MAKER', 'workingType': 'CONTRACT_PRICE', 'priceMatch': 'NONE', 'closePosition': False, 'priceProtect': False, 'reduceOnly': False, 'createTime': 1767268404359, 'updateTime': 1767268404359, 'triggerTime': 0, 'goodTillDate': 0}
2026-02-01 17:23:37,174 | INFO | STOP-MARKET ORDER REQUEST | Symbol=BTCUSDT Side=BUY Qty=0.01 StopPrice=90000
2026-02-01 17:23:37,344 | INFO | STOP-MARKET ORDER SUCCESS | {'algoId': 1000000003451593, 'clientAlgoId': 'x-Cb7ytekJb8edb0914ea1acb4cf80cc', 'algoType': 'CONDITIONAL', 'orderType': 'STOP_MARKET', 'symbol': 'BTCUSDT', 'side': 'BUY', 'positionSide': 'BOTH', 'timeInForce': 'GTC', 'quantity': '0.010', 'algoStatus': 'NEW', 'triggerPrice': '90000.00', 'price': '0.00', 'icebergQuantity': None, 'selfTradePreventionMode': 'EXPIRE_MAKER', 'workingType': 'CONTRACT_PRICE', 'priceMatch': 'NONE', 'closePosition': False, 'priceProtect': False, 'reduceOnly': False, 'createTime': 1767268416934, 'updateTime': 1767268416935, 'triggerTime': 0, 'goodTillDate': 0}
2026-02-01 17:26:52,769 | INFO | OCO STARTED | Symbol=BTCUSDT Side=SELL TP=90000 SL=86000
2026-02-01 17:33:35,053 | INFO | GRID STARTED | Symbol=BTCUSDT Side=BUY Range=88000-89000 Grids=5 Qty=0.01
2026-02-01 17:33:35,439 | INFO | GRID ORDER PLACED | OrderID=11310652867 Price=88000.0 Qty=0.01
2026-02-01 17:33:35,784 | INFO | GRID ORDER PLACED | OrderID=11310652934 Price=88250.0 Qty=0.01
2026-02-01 17:33:35,906 | INFO | GRID ORDER PLACED | OrderID=11310652970 Price=88500.0 Qty=0.01
2026-02-01 17:33:36,027 | INFO | GRID ORDER PLACED | OrderID=11310653030 Price=88750.0 Qty=0.01
2026-02-01 17:33:36,145 | INFO | GRID ORDER PLACED | OrderID=11310653130 Price=89000.0 Qty=0.01
2026-02-01 17:33:36,145 | INFO | GRID COMPLETED
2026-02-01 17:33:53,829 | INFO | TWAP STARTED | Symbol=BTCUSDT Side=BUY TotalQty=0.05 Slices=5
2026-02-01 17:33:54,193 | INFO | TWAP SLICE EXECUTED | Slice=1/5 OrderID=11310657555 Qty=0.01
2026-02-01 17:33:59,324 | INFO | TWAP SLICE EXECUTED | Slice=2/5 OrderID=11310660111 Qty=0.01
2026-02-01 17:34:04,670 | INFO | TWAP SLICE EXECUTED | Slice=3/5 OrderID=11310662342 Qty=0.01
2026-02-01 17:34:10,007 | INFO | TWAP SLICE EXECUTED | Slice=4/5 OrderID=11310663064 Qty=0.01
2026-02-01 17:34:15,602 | INFO | TWAP SLICE EXECUTED | Slice=5/5 OrderID=11310664740 Qty=0.01
2026-02-01 17:34:20,605 | INFO | TWAP COMPLETED
2026-02-01 18:56:43,126 | INFO | MARKET ORDER: {'orderId': 11312115973, 'symbol': 'BTCUSDT', 'status': 'NEW', 'clientOrderId': 'x-Cb7ytekJ6e17338938b88bab542ae3', 'price': '0.00', 'avgPrice': '0.00', 'origQty': '0.010', 'executedQty': '0.000', 'cumQty': '0.000', 'cumQuote': '0.00000', 'timeInForce': 'GTC', 'type': 'MARKET', 'reduceOnly': False, 'closePosition': False, 'side': 'BUY', 'positionSide': 'BOTH', 'stopPrice': '0.00', 'workingType': 'CONTRACT_PRICE', 'priceProtect': False, 'origType': 'MARKET', 'priceMatch': 'NONE', 'selfTradePreventionMode': 'EXPIRE_MAKER', 'goodTillDate': 0, 'updateTime': 1767274002634}
2026-02-01 18:57:37,821 | INFO | LIMIT ORDER: {'orderId': 11312131942, 'symbol': 'BTCUSDT', 'status': 'NEW', 'clientOrderId': 'x-Cb7ytekJ63989a70fca3f85128fa08', 'price': '85000.00', 'avgPrice': '0.00', 'origQty': '0.010', 'executedQty': '0.000', 'cumQty': '0.000', 'cumQuote': '0.00000', 'timeInForce': 'GTC', 'type': 'LIMIT', 'reduceOnly': False, 'closePosition': False, 'side': 'BUY', 'positionSide': 'BOTH', 'stopPrice': '0.00', 'workingType': 'CONTRACT_PRICE', 'priceProtect': False, 'origType': 'LIMIT', 'priceMatch': 'NONE', 'selfTradePreventionMode': 'EXPIRE_MAKER', 'goodTillDate': 0, 'updateTime': 1767274057266}
2026-02-01 18:57:51,196 | INFO | STOP-MARKET ORDER REQUEST | Symbol=BTCUSDT Side=SELL Qty=0.01 StopPrice=86000
2026-02-01 18:57:51,800 | INFO | STOP-MARKET ORDER SUCCESS | {'algoId': 1000000003461800, 'clientAlgoId': 'x-Cb7ytekJa49852085b9e6a4b2b71e4', 'algoType': 'CONDITIONAL', 'orderType': 'STOP_MARKET', 'symbol': 'BTCUSDT', 'side': 'SELL', 'positionSide': 'BOTH', 'timeInForce': 'GTC', 'quantity': '0.010', 'algoStatus': 'NEW', 'triggerPrice': '86000.00', 'price': '0.00', 'icebergQuantity': None, 'selfTradePreventionMode': 'EXPIRE_MAKER', 'workingType': 'CONTRACT_PRICE', 'priceMatch': 'NONE', 'closePosition': False, 'priceProtect': False, 'reduceOnly': False, 'createTime': 1767274071232, 'updateTime': 1767274071232, 'triggerTime': 0, 'goodTillDate': 0}
2026-02-01 18:58:03,375 | INFO | STOP-MARKET ORDER REQUEST | Symbol=BTCUSDT Side=BUY Qty=0.01 StopPrice=89000
2026-02-01 18:58:03,775 | INFO | STOP-MARKET ORDER SUCCESS | {'algoId': 1000000003461821, 'clientAlgoId': 'x-Cb7ytekJ793df872ef14920167f843', 'algoType': 'CONDITIONAL', 'orderType': 'STOP_MARKET', 'symbol': 'BTCUSDT', 'side': 'BUY', 'positionSide': 'BOTH', 'timeInForce': 'GTC', 'quantity': '0.010', 'algoStatus': 'NEW', 'triggerPrice': '89000.00', 'price': '0.00', 'icebergQuantity': None, 'selfTradePreventionMode': 'EXPIRE_MAKER', 'workingType': 'CONTRACT_PRICE', 'priceMatch': 'NONE', 'closePosition': False, 'priceProtect': False, 'reduceOnly': False, 'createTime': 1767274083272, 'updateTime': 1767274083273, 'triggerTime': 0, 'goodTillDate': 0}
2026-02-01 18:58:18,684 | INFO | OCO STARTED | Symbol=BTCUSDT Side=SELL TP=90000 SL=86000
2026-02-01 18:59:43,158 | INFO | LIMIT ORDER: {'orderId': 11312166634, 'symbol': 'BTCUSDT', 'status': 'NEW', 'clientOrderId': 'x-Cb7ytekJ3ca7d0fb5aa08b4390a82', 'price': '85000.00', 'avgPrice': '0.00', 'origQty': '0.010', 'executedQty': '0.000', 'cumQty': '0.000', 'cumQuote': '0.00000', 'timeInForce': 'GTC', 'type': 'LIMIT', 'reduceOnly': False, 'closePosition': False, 'side': 'BUY', 'positionSide': 'BOTH', 'stopPrice': '0.00', 'workingType': 'CONTRACT_PRICE', 'priceProtect': False, 'origType': 'LIMIT', 'priceMatch': 'NONE', 'selfTradePreventionMode': 'EXPIRE_MAKER', 'goodTillDate': 0, 'updateTime': 1767274182661}
2026-02-01 18:59:53,413 | INFO | LIMIT ORDER: {'orderId': 11312168816, 'symbol': 'BTCUSDT', 'status': 'NEW', 'clientOrderId': 'x-Cb7ytekJ1c1ed1ba8d463979298e9c', 'price': '90000.00', 'avgPrice': '0.00', 'origQty': '0.010', 'executedQty': '0.000', 'cumQty': '0.000', 'cumQuote': '0.00000', 'timeInForce': 'GTC', 'type': 'LIMIT', 'reduceOnly': False, 'closePosition': False, 'side': 'SELL', 'positionSide': 'BOTH', 'stopPrice': '0.00', 'workingType': 'CONTRACT_PRICE', 'priceProtect': False, 'origType': 'LIMIT', 'priceMatch': 'NONE', 'selfTradePreventionMode': 'EXPIRE_MAKER', 'goodTillDate': 0, 'updateTime': 1767274192734}
2026-02-01 19:00:50,900 | INFO | TWAP STARTED | Symbol=BTCUSDT Side=BUY TotalQty=0.05 Slices=5
2026-02-01 19:00:51,353 | INFO | TWAP SLICE EXECUTED | Slice=1/5 OrderID=11312183774 Qty=0.01
2026-02-01 19:00:56,706 | INFO | TWAP SLICE EXECUTED | Slice=2/5 OrderID=11312185642 Qty=0.01
2026-02-01 19:01:01,827 | INFO | TWAP SLICE EXECUTED | Slice=3/5 OrderID=11312188539 Qty=0.01
2026-02-01 19:01:07,178 | INFO | TWAP SLICE EXECUTED | Slice=4/5 OrderID=11312191238 Qty=0.01
2026-02-01 19:01:12,527 | INFO | TWAP SLICE EXECUTED | Slice=5/5 OrderID=11312192732 Qty=0.01
2026-02-01 19:01:17,540 | INFO | TWAP COMPLETED
2026-02-01 19:01:22,919 | INFO | GRID STARTED | Symbol=BTCUSDT Side=BUY Range=84000-92000 Grids=5 Qty=0.01
2026-02-01 19:01:23,295 | INFO | GRID ORDER PLACED | OrderID=11312193706 Price=84000.0 Qty=0.01
2026-02-01 19:01:23,627 | INFO | GRID ORDER PLACED | OrderID=11312193749 Price=86000.0 Qty=0.01
2026-02-01 19:01:23,795 | INFO | GRID ORDER PLACED | OrderID=11312193787 Price=88000.0 Qty=0.01
2026-02-01 19:01:23,921 | INFO | GRID ORDER PLACED | OrderID=11312193800 Price=90000.0 Qty=0.01
2026-02-01 19:01:24,259 | INFO | GRID ORDER PLACED | OrderID=11312193811 Price=92000.0 Qty=0.01
2026-02-01 19:01:24,259 | INFO | GRID COMPLETED
2026-02-01 19:04:56,413 | INFO | OCO STARTED | Symbol=BTCUSDT Side=SELL TP=88000 SL=82000
2026-02-01 19:11:52,714 | INFO | OCO STARTED | Symbol=BTCUSDT Side=SELL TP=88000 SL=82000
2026-02-01 19:12:13,857 | INFO | OCO STARTED | Symbol=BTCUSDT Side=SELL TP=89000 SL=88000
